TN:
SF:/home/mahendar/dummy-test/src/dummp-test-app/actions.js
FN:5,loadDummpTestApp
FNF:1
FNH:1
FNDA:2,loadDummpTestApp
DA:1,6
DA:2,6
DA:3,6
DA:6,2
LF:4
LH:4
BRF:0
BRH:0
end_of_record
TN:
SF:/home/mahendar/dummy-test/src/dummp-test-app/reducers.js
FN:7,(anonymous_0)
FNF:1
FNH:1
FNDA:12,(anonymous_0)
DA:7,4
DA:12,12
DA:14,12
DA:16,1
DA:17,1
DA:18,1
DA:21,2
DA:22,2
DA:23,2
DA:24,2
DA:27,1
DA:28,1
DA:29,1
DA:32,8
LF:14
LH:14
BRDA:7,0,0,8
BRDA:14,1,0,1
BRDA:14,1,1,2
BRDA:14,1,2,1
BRDA:14,1,3,8
BRF:5
BRH:5
end_of_record
TN:
SF:/home/mahendar/dummy-test/src/dummp-test-app/registration.js
FNF:0
FNH:0
DA:4,1
LF:1
LH:1
BRF:0
BRH:0
end_of_record
TN:
SF:/home/mahendar/dummy-test/src/dummp-test-app/sagas.js
FN:9,fetchDummpTestApp
FN:18,fetchDummpTestAppSaga
FNF:2
FNH:2
FNDA:2,fetchDummpTestApp
FNDA:3,fetchDummpTestAppSaga
DA:10,2
DA:11,2
DA:12,1
DA:14,1
DA:19,3
LF:5
LH:5
BRF:0
BRH:0
end_of_record
TN:
SF:/home/mahendar/dummy-test/src/dummp-test-app/service.js
FN:3,(anonymous_0)
FN:5,(anonymous_1)
FN:10,(anonymous_2)
FNF:3
FNH:3
FNDA:4,(anonymous_0)
FNDA:1,(anonymous_1)
FNDA:1,(anonymous_2)
DA:3,4
DA:4,4
DA:6,1
DA:11,1
LF:4
LH:4
BRF:0
BRH:0
end_of_record
TN:
SF:/home/mahendar/dummy-test/src/dummp-test-app/components/DummpTestAppApplication.jsx
FN:21,(anonymous_0)
FN:36,(anonymous_1)
FNF:2
FNH:2
FNDA:2,(anonymous_0)
FNDA:1,(anonymous_1)
DA:14,2
DA:16,2
DA:21,2
DA:23,2
DA:37,1
DA:39,1
DA:42,1
DA:56,2
LF:8
LH:8
BRF:0
BRH:0
end_of_record
TN:
SF:/home/mahendar/dummy-test/src/dummp-test-app/components/DummpTestAppContainer.jsx
FN:21,(anonymous_0)
FN:26,(anonymous_1)
FN:30,(anonymous_2)
FN:38,(anonymous_3)
FN:44,(anonymous_4)
FN:45,(anonymous_5)
FNF:6
FNH:4
FNDA:0,(anonymous_0)
FNDA:0,(anonymous_1)
FNDA:4,(anonymous_2)
FNDA:5,(anonymous_3)
FNDA:5,(anonymous_4)
FNDA:1,(anonymous_5)
DA:13,3
DA:22,0
DA:23,0
DA:27,0
DA:31,4
DA:32,4
DA:36,3
DA:38,5
DA:44,5
DA:46,1
DA:52,3
DA:55,3
LF:12
LH:9
BRDA:46,0,0,1
BRDA:46,0,1,1
BRF:2
BRH:2
end_of_record
TN:
SF:/home/mahendar/dummy-test/src/dummp-test-app/components/DummpTestAppView.jsx
FN:17,(anonymous_0)
FNF:1
FNH:1
FNDA:4,(anonymous_0)
DA:10,4
DA:17,4
DA:18,4
DA:21,4
DA:22,0
DA:23,4
DA:24,1
DA:25,3
DA:26,1
DA:28,2
DA:31,4
DA:38,4
LF:12
LH:11
BRDA:21,0,0,0
BRDA:21,0,1,4
BRDA:23,1,0,1
BRDA:23,1,1,3
BRDA:25,2,0,1
BRDA:25,2,1,2
BRDA:25,3,0,3
BRDA:25,3,1,1
BRF:8
BRH:7
end_of_record
